<?xml version="1.0" encoding="utf-8"?>
<!--This file represents the results of running a test suite-->
<test-results name="Unity Tests" total="22" errors="1" failures="2" not-run="2" inconclusive="4" ignored="1" skipped="1" invalid="0" date="2014-03-04" time="16:15:51">
  <environment nunit-version="2.6.2-Unity" clr-version="2.0.50727.1433" os-version="Microsoft Windows NT 6.2.9200.0" platform="Win32NT" cwd="C:\Users\fabian\git\industree" machine-name="FABIAN-PC" user="fabian" user-domain="FABIAN-PC" />
  <culture-info current-culture="en-US" current-uiculture="en-US" />
  <test-suite name="Unit Tests" type="Assembly" executed="True" result="Failure" success="False" time="0.411">
    <results>
      <test-case name="JavaScriptUnitTests.JavaScriptTest" executed="True" result="Success" success="True" time="0.001">
        <reason>
          <message>
          </message>
        </reason>
      </test-case>
      <test-case name="UnityTest.BooUnitTests.BooTest" executed="True" result="Success" success="True" time="0.000">
        <reason>
          <message>
          </message>
        </reason>
      </test-case>
      <test-case name="UnityTest.NSubstituteDemo.RegisteredEventListenersGetEvents" executed="True" result="Success" success="True" time="0.174">
        <reason>
          <message>
          </message>
        </reason>
      </test-case>
      <test-case name="UnityTest.SampleTests.CultureSpecificTest" executed="True" result="Skipped" success="False" time="0.001">
        <reason>
          <message>
<![CDATA[Only supported under culture pl-PL]]>
          </message>
        </reason>
      </test-case>
      <test-case name="UnityTest.SampleTests.ExceptionTest" executed="True" result="Error" success="False" time="0.000">
        <failure>
          <message>
<![CDATA[System.Exception : Exception throwing test]]>
          </message>
          <stack-trace>
<![CDATA[at UnityTest.SampleTests.ExceptionTest () [0x00000] in C:\Users\fabian\git\industree\assets\UnityTestTools\Examples\UnitTestExamples\Editor\SampleTests.cs:12
]]>
          </stack-trace>
        </failure>
      </test-case>
      <test-case name="UnityTest.SampleTests.ExpectedExceptionTest" executed="True" result="Success" success="True" time="0.001">
        <reason>
          <message>
          </message>
        </reason>
      </test-case>
      <test-case name="UnityTest.SampleTests.FailingTest" executed="True" result="Failure" success="False" time="0.001">
        <failure>
          <message>
          </message>
          <stack-trace>
<![CDATA[at UnityTest.SampleTests.FailingTest () [0x00000] in C:\Users\fabian\git\industree\assets\UnityTestTools\Examples\UnitTestExamples\Editor\SampleTests.cs:32
]]>
          </stack-trace>
        </failure>
      </test-case>
      <test-case name="UnityTest.SampleTests.IgnoredTest" executed="True" result="Ignored" success="False" time="0.000">
        <reason>
          <message>
<![CDATA[Ignored test]]>
          </message>
        </reason>
      </test-case>
      <test-case name="UnityTest.SampleTests.InconclusiveTest" executed="True" result="Inconclusive" success="False" time="0.001">
        <reason>
          <message>
          </message>
        </reason>
      </test-case>
      <test-case name="UnityTest.SampleTests.ParameterizedTest(1)" executed="True" result="Success" success="True" time="0.000">
        <reason>
          <message>
          </message>
        </reason>
      </test-case>
      <test-case name="UnityTest.SampleTests.ParameterizedTest(2)" executed="True" result="Success" success="True" time="0.001">
        <reason>
          <message>
          </message>
        </reason>
      </test-case>
      <test-case name="UnityTest.SampleTests.ParameterizedTest(3)" executed="True" result="Success" success="True" time="0.001">
        <reason>
          <message>
          </message>
        </reason>
      </test-case>
      <test-case name="UnityTest.SampleTests.PassingTest" executed="True" result="Success" success="True" time="0.000">
        <reason>
          <message>
          </message>
        </reason>
      </test-case>
      <test-case name="UnityTest.SampleTests.RangeTest(1)" executed="True" result="Success" success="True" time="0.001">
        <reason>
          <message>
          </message>
        </reason>
      </test-case>
      <test-case name="UnityTest.SampleTests.RangeTest(4)" executed="True" result="Success" success="True" time="0.000">
        <reason>
          <message>
          </message>
        </reason>
      </test-case>
      <test-case name="UnityTest.SampleTests.RangeTest(7)" executed="True" result="Success" success="True" time="0.000">
        <reason>
          <message>
          </message>
        </reason>
      </test-case>
      <test-case name="UnityTest.SampleTests.RangeTest(10)" executed="True" result="Success" success="True" time="0.000">
        <reason>
          <message>
          </message>
        </reason>
      </test-case>
      <test-case name="UnityTest.SampleTests.SlowTest" executed="True" result="Failure" success="False" time="0.201">
        <failure>
          <message>
<![CDATA[Elapsed time of 201ms exceeds maximum of 100ms]]>
          </message>
          <stack-trace>
          </stack-trace>
        </failure>
      </test-case>
      <test-case name="UnityTest.SampleTests.SquareRootDefinition(0.0d)" executed="True" result="Success" success="True" time="0.013">
        <reason>
          <message>
          </message>
        </reason>
      </test-case>
      <test-case name="UnityTest.SampleTests.SquareRootDefinition(1.0d)" executed="True" result="Success" success="True" time="0.001">
        <reason>
          <message>
          </message>
        </reason>
      </test-case>
      <test-case name="UnityTest.SampleTests.SquareRootDefinition(-1.0d)" executed="True" result="Inconclusive" success="False" time="0.003">
        <reason>
          <message>
<![CDATA[  Expected: True
  But was:  False
]]>
          </message>
        </reason>
      </test-case>
      <test-case name="UnityTest.SampleTests.SquareRootDefinition(double.MaxValue)" executed="True" result="Inconclusive" success="False" time="0.000">
        <reason>
          <message>
<![CDATA[  Expected: True
  But was:  False
]]>
          </message>
        </reason>
      </test-case>
      <test-case name="UnityTest.SampleTests.SquareRootDefinition(double.PositiveInfinity)" executed="True" result="Inconclusive" success="False" time="0.001">
        <reason>
          <message>
<![CDATA[  Expected: True
  But was:  False
]]>
          </message>
        </reason>
      </test-case>
      <test-case name="ButtonTest.TestOnButtonWithGUITexture" executed="True" result="Success" success="True" time="0.010">
      </test-case>
    </results>
  </test-suite>
</test-results>
-case>
    </results>
  </test-suite>
</test-results>
