<?xml version="1.0" encoding="utf-8"?>
<!--This file represents the results of running a test suite-->
<test-results name="Unity Tests" total="24" errors="0" failures="1" not-run="0" inconclusive="23" ignored="0" skipped="0" invalid="0" date="2014-03-16" time="20:21:13">
  <environment nunit-version="2.6.2-Unity" clr-version="2.0.50727.1433" os-version="Microsoft Windows NT 6.2.9200.0" platform="Win32NT" cwd="C:\Users\fabian\git\industree" machine-name="FABIAN-PC" user="fabian" user-domain="FABIAN-PC" />
  <culture-info current-culture="en-US" current-uiculture="en-US" />
  <test-suite name="Unit Tests" type="Assembly" executed="True" result="Failure" success="False" time="0.092">
    <results>
      <test-case name="JavaScriptUnitTests.JavaScriptTest" executed="False" result="Inconclusive">
        <reason>
          <message>
          </message>
        </reason>
      </test-case>
      <test-case name="UnityTest.BooUnitTests.BooTest" executed="False" result="Inconclusive">
        <reason>
          <message>
          </message>
        </reason>
      </test-case>
      <test-case name="PlayerTest.GivenPlayerHasTwoActionsAndFirstSelectedWhenSelectNextActionIsCalledThenPlayerHasSecondActionSelected" executed="True" result="Failure" success="False" time="0.092">
        <failure>
          <message>
<![CDATA[  Expected: same as <action1 (UnityEngine.GameObject)>
  But was:  <action1 (TreeAction)>
]]>
          </message>
          <stack-trace>
<![CDATA[at PlayerTest.GivenPlayerHasTwoActionsAndFirstSelectedWhenSelectNextActionIsCalledThenPlayerHasSecondActionSelected () [0x00094] in C:\Users\fabian\git\industree\assets\UnityTestTools\UnitTesting\Editor\Test\PlayerTest.cs:26
]]>
          </stack-trace>
        </failure>
      </test-case>
      <test-case name="UnityTest.NSubstituteDemo.RegisteredEventListenersGetEvents" executed="False" result="Inconclusive">
        <reason>
          <message>
          </message>
        </reason>
      </test-case>
      <test-case name="UnityTest.SampleTests.CultureSpecificTest" executed="False" result="Inconclusive">
        <reason>
          <message>
          </message>
        </reason>
      </test-case>
      <test-case name="UnityTest.SampleTests.ExceptionTest" executed="False" result="Inconclusive">
        <reason>
          <message>
          </message>
        </reason>
      </test-case>
      <test-case name="UnityTest.SampleTests.ExpectedExceptionTest" executed="False" result="Inconclusive">
        <reason>
          <message>
          </message>
        </reason>
      </test-case>
      <test-case name="UnityTest.SampleTests.FailingTest" executed="False" result="Inconclusive">
        <reason>
          <message>
          </message>
        </reason>
      </test-case>
      <test-case name="UnityTest.SampleTests.IgnoredTest" executed="False" result="Inconclusive">
        <reason>
          <message>
          </message>
        </reason>
      </test-case>
      <test-case name="UnityTest.SampleTests.InconclusiveTest" executed="False" result="Inconclusive">
        <reason>
          <message>
          </message>
        </reason>
      </test-case>
      <test-case name="UnityTest.SampleTests.ParameterizedTest(1)" executed="False" result="Inconclusive">
        <reason>
          <message>
          </message>
        </reason>
      </test-case>
      <test-case name="UnityTest.SampleTests.ParameterizedTest(2)" executed="False" result="Inconclusive">
        <reason>
          <message>
          </message>
        </reason>
      </test-case>
      <test-case name="UnityTest.SampleTests.ParameterizedTest(3)" executed="False" result="Inconclusive">
        <reason>
          <message>
          </message>
        </reason>
      </test-case>
      <test-case name="UnityTest.SampleTests.PassingTest" executed="False" result="Inconclusive">
        <reason>
          <message>
          </message>
        </reason>
      </test-case>
      <test-case name="UnityTest.SampleTests.RangeTest(1)" executed="False" result="Inconclusive">
        <reason>
          <message>
          </message>
        </reason>
      </test-case>
      <test-case name="UnityTest.SampleTests.RangeTest(4)" executed="False" result="Inconclusive">
        <reason>
          <message>
          </message>
        </reason>
      </test-case>
      <test-case name="UnityTest.SampleTests.RangeTest(7)" executed="False" result="Inconclusive">
        <reason>
          <message>
          </message>
        </reason>
      </test-case>
      <test-case name="UnityTest.SampleTests.RangeTest(10)" executed="False" result="Inconclusive">
        <reason>
          <message>
          </message>
        </reason>
      </test-case>
      <test-case name="UnityTest.SampleTests.SlowTest" executed="False" result="Inconclusive">
        <reason>
          <message>
          </message>
        </reason>
      </test-case>
      <test-case name="UnityTest.SampleTests.SquareRootDefinition(0.0d)" executed="False" result="Inconclusive">
        <reason>
          <message>
          </message>
        </reason>
      </test-case>
      <test-case name="UnityTest.SampleTests.SquareRootDefinition(1.0d)" executed="False" result="Inconclusive">
        <reason>
          <message>
          </message>
        </reason>
      </test-case>
      <test-case name="UnityTest.SampleTests.SquareRootDefinition(-1.0d)" executed="False" result="Inconclusive">
        <reason>
          <message>
          </message>
        </reason>
      </test-case>
      <test-case name="UnityTest.SampleTests.SquareRootDefinition(double.MaxValue)" executed="False" result="Inconclusive">
        <reason>
          <message>
          </message>
        </reason>
      </test-case>
      <test-case name="UnityTest.SampleTests.SquareRootDefinition(double.PositiveInfinity)" executed="False" result="Inconclusive">
        <reason>
          <message>
          </message>
        </reason>
      </test-case>
    </results>
  </test-suite>
</test-results>
test-case>
      <test-case name="UnityTest.SampleTests.SquareRootDefinition(double.MaxValue)" executed="True" result="Inconclusive" success="False" time="0.000">
        <reason>
          <message>
<![CDATA[  Expected: True
  But was:  False
]]>
          </message>
        </reason>
      </test-case>
      <test-case name="UnityTest.SampleTests.SquareRootDefinition(double.PositiveInfinity)" executed="True" result="Inconclusive" success="False" time="0.001">
        <reason>
          <message>
<![CDATA[  Expected: True
  But was:  False
]]>
          </message>
        </reason>
      </test-case>
      <test-case name="ButtonTest.TestOnButtonWithGUITexture" executed="True" result="Success" success="True" time="0.010">
      </test-case>
    </results>
  </test-suite>
</test-results>
-case>
    </results>
  </test-suite>
</test-results>
